
 ---------- LOADING DATA ---------- 

Distribution of training labels: 
Closed with explanation            0.824375
Closed with non-monetary relief    0.108750
Closed with monetary relief        0.058125
Closed                             0.004375
Untimely response                  0.004375
Name: company_response_to_consumer, dtype: float64


Training samples: 1600
Testing samples: 400

 ---------- TRAINING MODELS ---------- 

Classifier: RandomForestClassifier
Best score: 0.825
Best parameters: {'estimator__max_depth': 10, 'estimator__n_estimators': 20}
Time elapsed: 12.028158903121948


Classifier: SVC
Best score: 0.8243750000000001
Best parameters: {'estimator__C': 0.01, 'estimator__kernel': 'linear'}
Time elapsed: 48.093985080718994


Overall best classifier: RandomForestClassifier
Overall best score 0.825
Best parameters: {'estimator__max_depth': 10, 'estimator__n_estimators': 20}

 ---------- EVALUATING PREDICTIONS ---------- 

                                 precision    recall  f1-score   support

                         Closed       0.00      0.00      0.00         4
        Closed with explanation       0.80      1.00      0.89       320
    Closed with monetary relief       0.00      0.00      0.00        25
Closed with non-monetary relief       0.00      0.00      0.00        49
              Untimely response       0.00      0.00      0.00         2

                       accuracy                           0.80       400
                      macro avg       0.16      0.20      0.18       400
                   weighted avg       0.64      0.80      0.71       400


 ---------- EVALUATING PROBABILITIES ---------- 

                                 Closed  Closed with explanation  Closed with monetary relief  Closed with non-monetary relief  Untimely response
y_true                                                                                                                                           
Closed                            0.002                    0.876                        0.035                            0.069              0.018
Closed with explanation           0.003                    0.839                        0.056                            0.099              0.003
Closed with monetary relief       0.006                    0.762                        0.125                            0.103              0.005
Closed with non-monetary relief   0.001                    0.805                        0.058                            0.132              0.003
Untimely response                 0.000                    0.838                        0.050                            0.079              0.033

 ---------- FEATURE IMPORTANCE ---------- 

Class: Closed
                                          feature  importance
537                                    word_count    0.079983
536                                    char_count    0.079834
250  company_SANTANDER BANK, NATIONAL ASSOCIATION    0.077516
340                                 week_2016-w14    0.056301
292                                      state_MD    0.048916


Class: Closed with explanation
                                         feature  importance
537                                   word_count    0.056955
536                                   char_count    0.053761
208  company_Experian Information Solutions Inc.    0.036237
151      sub-issue_Overdrafts and overdraft fees    0.025088
202      company_Dynamic Recovery Solutions, LLC    0.023997


Class: Closed with monetary relief
                          feature  importance
536                    char_count    0.054305
537                    word_count    0.037036
187        company_CITIBANK, N.A.    0.036549
386                 week_2017-w07    0.033665
19   sub-product_Checking account    0.017874


Class: Closed with non-monetary relief
                                         feature  importance
536                                   char_count    0.055092
537                                   word_count    0.049626
208  company_Experian Information Solutions Inc.    0.048202
242                 company_Paypal Holdings, Inc    0.027706
514                                week_2019-w31    0.022394


Class: Untimely response
                                         feature  importance
537                                   word_count    0.122457
536                                   char_count    0.102331
86      issue_False statements or representation    0.042821
325           tags_Older American, Servicemember    0.036137
122  sub-issue_Attempted to collect wrong amount    0.035007


